<?xml version="1.0" encoding="UTF-8"?>
<testsuites>
  <testsuite name="C:\xampp\htdocs\hng-stage-4\phpunit.xml" tests="5" assertions="8" errors="0" failures="0" skipped="0" time="1.496200">
    <testsuite name="Unit" tests="1" assertions="1" errors="0" failures="0" skipped="0" time="0.015718">
      <testsuite name="Tests\Unit\ExampleTest" file="C:\xampp\htdocs\hng-stage-4\tests\Unit\ExampleTest.php" tests="1" assertions="1" errors="0" failures="0" skipped="0" time="0.015718">
        <testcase name="test_that_true_is_true" file="C:\xampp\htdocs\hng-stage-4\tests\Unit\ExampleTest.php" line="12" class="Tests\Unit\ExampleTest" classname="Tests.Unit.ExampleTest" assertions="1" time="0.015718"/>
      </testsuite>
    </testsuite>
    <testsuite name="Feature" tests="4" assertions="7" errors="0" failures="0" skipped="0" time="1.480482">
      <testsuite name="Tests\Feature\ContactControllerTest" file="C:\xampp\htdocs\hng-stage-4\tests\Feature\ContactControllerTest.php" tests="3" assertions="6" errors="0" failures="0" skipped="0" time="1.418363">
        <testcase name="testSendInquiryValidationError" file="C:\xampp\htdocs\hng-stage-4\tests\Feature\ContactControllerTest.php" line="14" class="Tests\Feature\ContactControllerTest" classname="Tests.Feature.ContactControllerTest" assertions="2" time="1.195505"/>
        <testcase name="testSendInquiryServerError" file="C:\xampp\htdocs\hng-stage-4\tests\Feature\ContactControllerTest.php" line="34" class="Tests\Feature\ContactControllerTest" classname="Tests.Feature.ContactControllerTest" assertions="2" time="0.124752"/>
        <testcase name="testSendInquirySuccess" file="C:\xampp\htdocs\hng-stage-4\tests\Feature\ContactControllerTest.php" line="52" class="Tests\Feature\ContactControllerTest" classname="Tests.Feature.ContactControllerTest" assertions="2" time="0.098106"/>
      </testsuite>
      <testsuite name="Tests\Feature\ExampleTest" file="C:\xampp\htdocs\hng-stage-4\tests\Feature\ExampleTest.php" tests="1" assertions="1" errors="0" failures="0" skipped="0" time="0.062119">
        <testcase name="test_the_application_returns_a_successful_response" file="C:\xampp\htdocs\hng-stage-4\tests\Feature\ExampleTest.php" line="13" class="Tests\Feature\ExampleTest" classname="Tests.Feature.ExampleTest" assertions="1" time="0.062119"/>
      </testsuite>
    </testsuite>
  </testsuite>
</testsuites>
